<?xml version="1.0" encoding="UTF-8"?>
<testsuite xmlns:xsi="http://www.w3.org/2001/XMLSchema-instance" xsi:noNamespaceSchemaLocation="https://maven.apache.org/surefire/maven-surefire-plugin/xsd/surefire-test-report.xsd" name="com.cognizant.junit5.EvenCheckerTest" time="0.139" tests="5" errors="0" skipped="0" failures="1">
  <properties>
[...]
</properties>
  <testcase name="testEvenNumbers{int}[1]" classname="com.cognizant.junit5.EvenCheckerTest" time="0.044"/>
  <testcase name="testEvenNumbers{int}[2]" classname="com.cognizant.junit5.EvenCheckerTest" time="0.001"/>
  <testcase name="testEvenNumbers{int}[3]" classname="com.cognizant.junit5.EvenCheckerTest" time="0.012">
    <failure message="expected: &lt;true&gt; but was: &lt;false&gt;" type="org.opentest4j.AssertionFailedError"><![CDATA[org.opentest4j.AssertionFailedError: expected: <true> but was: <false>
	at com.cognizant.junit5.EvenCheckerTest.testEvenNumbers(EvenCheckerTest.java:15)
]]></failure>
  </testcase>
  <testcase name="testEvenNumbers{int}[4]" classname="com.cognizant.junit5.EvenCheckerTest" time="0.001"/>
  <testcase name="testEvenNumbers{int}[5]" classname="com.cognizant.junit5.EvenCheckerTest" time="0.001"/>
</testsuite>